2023-03-07 21:20:35 error: this.driver.connection.logger.logQuery is not a function
2023-03-07 21:48:27 error: uncaughtException: Cannot find module './users'
Require stack:
- /home/brix/Repos/Ts-Express-Template/src/modules/index.ts
- /home/brix/Repos/Ts-Express-Template/src/server.ts
Error: Cannot find module './users'
Require stack:
- /home/brix/Repos/Ts-Express-Template/src/modules/index.ts
- /home/brix/Repos/Ts-Express-Template/src/server.ts
    at Function.Module._resolveFilename (node:internal/modules/cjs/loader:1090:15)
    at Function.Module._resolveFilename.sharedData.moduleResolveFilenameHook.installedValue (/home/brix/Repos/Ts-Express-Template/node_modules/@cspotcode/source-map-support/source-map-support.js:679:30)
    at Function.Module._resolveFilename (/home/brix/Repos/Ts-Express-Template/node_modules/tsconfig-paths/src/register.ts:115:36)
    at Function.Module._load (node:internal/modules/cjs/loader:934:27)
    at Module.require (node:internal/modules/cjs/loader:1157:19)
    at require (node:internal/modules/helpers:119:18)
    at /home/brix/Repos/Ts-Express-Template/src/modules/index.ts:20:5
    at processTicksAndRejections (node:internal/process/task_queues:95:5)
2023-03-07 21:48:50 error: uncaughtException: Cannot find module './users'
Require stack:
- /home/brix/Repos/Ts-Express-Template/src/modules/index.ts
- /home/brix/Repos/Ts-Express-Template/src/server.ts
Error: Cannot find module './users'
Require stack:
- /home/brix/Repos/Ts-Express-Template/src/modules/index.ts
- /home/brix/Repos/Ts-Express-Template/src/server.ts
    at Function.Module._resolveFilename (node:internal/modules/cjs/loader:1090:15)
    at Function.Module._resolveFilename.sharedData.moduleResolveFilenameHook.installedValue (/home/brix/Repos/Ts-Express-Template/node_modules/@cspotcode/source-map-support/source-map-support.js:679:30)
    at Function.Module._resolveFilename (/home/brix/Repos/Ts-Express-Template/node_modules/tsconfig-paths/src/register.ts:115:36)
    at Function.Module._load (node:internal/modules/cjs/loader:934:27)
    at Module.require (node:internal/modules/cjs/loader:1157:19)
    at require (node:internal/modules/helpers:119:18)
    at /home/brix/Repos/Ts-Express-Template/src/modules/index.ts:20:5
    at processTicksAndRejections (node:internal/process/task_queues:95:5)
2023-03-07 21:49:42 error: uncaughtException: Cannot find module './users'
Require stack:
- /home/brix/Repos/Ts-Express-Template/src/modules/index.ts
- /home/brix/Repos/Ts-Express-Template/src/server.ts
Error: Cannot find module './users'
Require stack:
- /home/brix/Repos/Ts-Express-Template/src/modules/index.ts
- /home/brix/Repos/Ts-Express-Template/src/server.ts
    at Function.Module._resolveFilename (node:internal/modules/cjs/loader:1090:15)
    at Function.Module._resolveFilename.sharedData.moduleResolveFilenameHook.installedValue (/home/brix/Repos/Ts-Express-Template/node_modules/@cspotcode/source-map-support/source-map-support.js:679:30)
    at Function.Module._resolveFilename (/home/brix/Repos/Ts-Express-Template/node_modules/tsconfig-paths/src/register.ts:115:36)
    at Function.Module._load (node:internal/modules/cjs/loader:934:27)
    at Module.require (node:internal/modules/cjs/loader:1157:19)
    at require (node:internal/modules/helpers:119:18)
    at /home/brix/Repos/Ts-Express-Template/src/modules/index.ts:20:5
    at processTicksAndRejections (node:internal/process/task_queues:95:5)
2023-03-07 22:00:51 error: uncaughtException: Cannot read properties of undefined (reading 'stack')
TypeError: Cannot read properties of undefined (reading 'stack')
    at /home/brix/Repos/Ts-Express-Template/src/modules/index.ts:22:56
    at processTicksAndRejections (node:internal/process/task_queues:95:5)
2023-03-07 22:09:41 error: uncaughtException: тип Unable to compile TypeScript:
[96msrc/modules/users/index.ts[0m:[93m6[0m:[93m26[0m - [91merror[0m[90m TS1005: [0m',' expected.

[7m6[0m router.get("/"(req, res) => {
[7m [0m [91m                         ~~[0m
[96msrc/modules/users/index.ts[0m:[93m7[0m:[93m9[0m - [91merror[0m[90m TS1005: [0m':' expected.

[7m7[0m  return res.send("hello");
[7m [0m [91m        ~~~[0m
[96msrc/modules/users/index.ts[0m:[93m7[0m:[93m26[0m - [91merror[0m[90m TS1005: [0m',' expected.

[7m7[0m  return res.send("hello");
[7m [0m [91m                         ~[0m

TSError: тип Unable to compile TypeScript:
[96msrc/modules/users/index.ts[0m:[93m6[0m:[93m26[0m - [91merror[0m[90m TS1005: [0m',' expected.

[7m6[0m router.get("/"(req, res) => {
[7m [0m [91m                         ~~[0m
[96msrc/modules/users/index.ts[0m:[93m7[0m:[93m9[0m - [91merror[0m[90m TS1005: [0m':' expected.

[7m7[0m  return res.send("hello");
[7m [0m [91m        ~~~[0m
[96msrc/modules/users/index.ts[0m:[93m7[0m:[93m26[0m - [91merror[0m[90m TS1005: [0m',' expected.

[7m7[0m  return res.send("hello");
[7m [0m [91m                         ~[0m

    at createTSError (/home/brix/Repos/Ts-Express-Template/node_modules/ts-node/src/index.ts:820:12)
    at reportTSError (/home/brix/Repos/Ts-Express-Template/node_modules/ts-node/src/index.ts:824:19)
    at /home/brix/Repos/Ts-Express-Template/node_modules/ts-node/src/index.ts:1292:34
    at Object.compile (/home/brix/Repos/Ts-Express-Template/node_modules/ts-node/src/index.ts:1322:43)
    at Module.m._compile (/home/brix/Repos/Ts-Express-Template/node_modules/ts-node/src/index.ts:1454:30)
    at Module._extensions..js (node:internal/modules/cjs/loader:1329:10)
    at Object.require.extensions.<computed> [as .ts] (/home/brix/Repos/Ts-Express-Template/node_modules/ts-node/src/index.ts:1458:12)
    at Module.load (node:internal/modules/cjs/loader:1133:32)
    at Function.Module._load (node:internal/modules/cjs/loader:972:12)
    at Module.require (node:internal/modules/cjs/loader:1157:19)
2023-03-07 22:11:11 error: uncaughtException: Cannot read properties of undefined (reading 'stack')
TypeError: Cannot read properties of undefined (reading 'stack')
    at /home/brix/Repos/Ts-Express-Template/src/modules/index.ts:21:64
    at processTicksAndRejections (node:internal/process/task_queues:95:5)
2023-03-07 22:11:37 error: uncaughtException: Cannot read properties of undefined (reading 'stack')
TypeError: Cannot read properties of undefined (reading 'stack')
    at /home/brix/Repos/Ts-Express-Template/src/modules/index.ts:21:64
    at processTicksAndRejections (node:internal/process/task_queues:95:5)
2023-03-07 22:12:10 error: uncaughtException: Cannot read properties of undefined (reading 'stack')
TypeError: Cannot read properties of undefined (reading 'stack')
    at /home/brix/Repos/Ts-Express-Template/src/modules/index.ts:21:64
    at processTicksAndRejections (node:internal/process/task_queues:95:5)
2023-03-07 22:32:40 error: uncaughtException: Cannot read properties of undefined (reading 'stack')
TypeError: Cannot read properties of undefined (reading 'stack')
    at /home/brix/Repos/Ts-Express-Template/src/modules/index.ts:21:56
    at processTicksAndRejections (node:internal/process/task_queues:95:5)
2023-03-07 22:33:17 error: uncaughtException: Cannot read properties of undefined (reading 'stack')
TypeError: Cannot read properties of undefined (reading 'stack')
    at /home/brix/Repos/Ts-Express-Template/src/modules/index.ts:21:56
    at processTicksAndRejections (node:internal/process/task_queues:95:5)
2023-03-07 22:33:25 error: uncaughtException: Cannot read properties of undefined (reading 'stack')
TypeError: Cannot read properties of undefined (reading 'stack')
    at /home/brix/Repos/Ts-Express-Template/src/modules/index.ts:21:56
    at processTicksAndRejections (node:internal/process/task_queues:95:5)
2023-03-07 22:34:35 error: uncaughtException: тип Unable to compile TypeScript:
[96msrc/modules/index.ts[0m:[93m20[0m:[93m44[0m - [91merror[0m[90m TS1005: [0m':' expected.

[7m20[0m     import(`./${cleanName}`).then(({default}) => {
[7m  [0m [91m                                           ~[0m
[96msrc/modules/index.ts[0m:[93m21[0m:[93m36[0m - [91merror[0m[90m TS1135: [0mArgument expression expected.

[7m21[0m       console.log(`/${cleanName}`, default);
[7m  [0m [91m                                   ~~~~~~~[0m

TSError: тип Unable to compile TypeScript:
[96msrc/modules/index.ts[0m:[93m20[0m:[93m44[0m - [91merror[0m[90m TS1005: [0m':' expected.

[7m20[0m     import(`./${cleanName}`).then(({default}) => {
[7m  [0m [91m                                           ~[0m
[96msrc/modules/index.ts[0m:[93m21[0m:[93m36[0m - [91merror[0m[90m TS1135: [0mArgument expression expected.

[7m21[0m       console.log(`/${cleanName}`, default);
[7m  [0m [91m                                   ~~~~~~~[0m

    at createTSError (/home/brix/Repos/Ts-Express-Template/node_modules/ts-node/src/index.ts:820:12)
    at reportTSError (/home/brix/Repos/Ts-Express-Template/node_modules/ts-node/src/index.ts:824:19)
    at /home/brix/Repos/Ts-Express-Template/node_modules/ts-node/src/index.ts:1292:34
    at Object.compile (/home/brix/Repos/Ts-Express-Template/node_modules/ts-node/src/index.ts:1322:43)
    at Module.m._compile (/home/brix/Repos/Ts-Express-Template/node_modules/ts-node/src/index.ts:1454:30)
    at Module._extensions..js (node:internal/modules/cjs/loader:1329:10)
    at Object.require.extensions.<computed> [as .ts] (/home/brix/Repos/Ts-Express-Template/node_modules/ts-node/src/index.ts:1458:12)
    at Module.load (node:internal/modules/cjs/loader:1133:32)
    at Function.Module._load (node:internal/modules/cjs/loader:972:12)
    at Module.require (node:internal/modules/cjs/loader:1157:19)
2023-03-07 22:42:54 error: uncaughtException: Cannot read properties of undefined (reading 'forEach')
TypeError: Cannot read properties of undefined (reading 'forEach')
    at App.initializeRoutes (/home/brix/Repos/Ts-Express-Template/src/core/app.ts:60:12)
    at new App (/home/brix/Repos/Ts-Express-Template/src/core/app.ts:25:10)
    at Object.<anonymous> (/home/brix/Repos/Ts-Express-Template/src/server.ts:4:13)
    at Module._compile (node:internal/modules/cjs/loader:1275:14)
    at Module.m._compile (/home/brix/Repos/Ts-Express-Template/node_modules/ts-node/src/index.ts:1455:23)
    at Module._extensions..js (node:internal/modules/cjs/loader:1329:10)
    at Object.require.extensions.<computed> [as .ts] (/home/brix/Repos/Ts-Express-Template/node_modules/ts-node/src/index.ts:1458:12)
    at Module.load (node:internal/modules/cjs/loader:1133:32)
    at Function.Module._load (node:internal/modules/cjs/loader:972:12)
    at Function.executeUserEntryPoint [as runMain] (node:internal/modules/run_main:83:12)
2023-03-07 22:43:50 error: uncaughtException: Cannot read properties of undefined (reading 'forEach')
TypeError: Cannot read properties of undefined (reading 'forEach')
    at App.initializeRoutes (/home/brix/Repos/Ts-Express-Template/src/core/app.ts:60:12)
    at new App (/home/brix/Repos/Ts-Express-Template/src/core/app.ts:25:10)
    at Object.<anonymous> (/home/brix/Repos/Ts-Express-Template/src/server.ts:4:13)
    at Module._compile (node:internal/modules/cjs/loader:1275:14)
    at Module.m._compile (/home/brix/Repos/Ts-Express-Template/node_modules/ts-node/src/index.ts:1455:23)
    at Module._extensions..js (node:internal/modules/cjs/loader:1329:10)
    at Object.require.extensions.<computed> [as .ts] (/home/brix/Repos/Ts-Express-Template/node_modules/ts-node/src/index.ts:1458:12)
    at Module.load (node:internal/modules/cjs/loader:1133:32)
    at Function.Module._load (node:internal/modules/cjs/loader:972:12)
    at Function.executeUserEntryPoint [as runMain] (node:internal/modules/run_main:83:12)
2023-03-07 22:44:28 error: uncaughtException: Cannot read properties of undefined (reading 'forEach')
TypeError: Cannot read properties of undefined (reading 'forEach')
    at App.initializeRoutes (/home/brix/Repos/Ts-Express-Template/src/core/app.ts:60:12)
    at new App (/home/brix/Repos/Ts-Express-Template/src/core/app.ts:25:10)
    at Object.<anonymous> (/home/brix/Repos/Ts-Express-Template/src/server.ts:4:13)
    at Module._compile (node:internal/modules/cjs/loader:1275:14)
    at Module.m._compile (/home/brix/Repos/Ts-Express-Template/node_modules/ts-node/src/index.ts:1455:23)
    at Module._extensions..js (node:internal/modules/cjs/loader:1329:10)
    at Object.require.extensions.<computed> [as .ts] (/home/brix/Repos/Ts-Express-Template/node_modules/ts-node/src/index.ts:1458:12)
    at Module.load (node:internal/modules/cjs/loader:1133:32)
    at Function.Module._load (node:internal/modules/cjs/loader:972:12)
    at Function.executeUserEntryPoint [as runMain] (node:internal/modules/run_main:83:12)
2023-03-07 22:44:50 error: uncaughtException: Cannot read properties of undefined (reading 'forEach')
TypeError: Cannot read properties of undefined (reading 'forEach')
    at App.initializeRoutes (/home/brix/Repos/Ts-Express-Template/src/core/app.ts:60:12)
    at new App (/home/brix/Repos/Ts-Express-Template/src/core/app.ts:25:10)
    at Object.<anonymous> (/home/brix/Repos/Ts-Express-Template/src/server.ts:4:13)
    at Module._compile (node:internal/modules/cjs/loader:1275:14)
    at Module.m._compile (/home/brix/Repos/Ts-Express-Template/node_modules/ts-node/src/index.ts:1455:23)
    at Module._extensions..js (node:internal/modules/cjs/loader:1329:10)
    at Object.require.extensions.<computed> [as .ts] (/home/brix/Repos/Ts-Express-Template/node_modules/ts-node/src/index.ts:1458:12)
    at Module.load (node:internal/modules/cjs/loader:1133:32)
    at Function.Module._load (node:internal/modules/cjs/loader:972:12)
    at Function.executeUserEntryPoint [as runMain] (node:internal/modules/run_main:83:12)
2023-03-07 22:45:25 error: uncaughtException: Router.use() requires a middleware function but got a undefined
TypeError: Router.use() requires a middleware function but got a undefined
    at Function.use (/home/brix/Repos/Ts-Express-Template/node_modules/express/lib/router/index.js:469:13)
    at Function.<anonymous> (/home/brix/Repos/Ts-Express-Template/node_modules/express/lib/application.js:227:21)
    at Array.forEach (<anonymous>)
    at Function.use (/home/brix/Repos/Ts-Express-Template/node_modules/express/lib/application.js:224:7)
    at /home/brix/Repos/Ts-Express-Template/src/core/app.ts:61:16
    at Array.forEach (<anonymous>)
    at App.initializeRoutes (/home/brix/Repos/Ts-Express-Template/src/core/app.ts:60:12)
    at new App (/home/brix/Repos/Ts-Express-Template/src/core/app.ts:25:10)
    at Object.<anonymous> (/home/brix/Repos/Ts-Express-Template/src/server.ts:4:13)
    at Module._compile (node:internal/modules/cjs/loader:1275:14)
2023-03-07 22:46:52 error: uncaughtException: Router.use() requires a middleware function but got a undefined
TypeError: Router.use() requires a middleware function but got a undefined
    at Function.use (/home/brix/Repos/Ts-Express-Template/node_modules/express/lib/router/index.js:469:13)
    at Function.<anonymous> (/home/brix/Repos/Ts-Express-Template/node_modules/express/lib/application.js:227:21)
    at Array.forEach (<anonymous>)
    at Function.use (/home/brix/Repos/Ts-Express-Template/node_modules/express/lib/application.js:224:7)
    at /home/brix/Repos/Ts-Express-Template/src/core/app.ts:61:16
    at Array.forEach (<anonymous>)
    at App.initializeRoutes (/home/brix/Repos/Ts-Express-Template/src/core/app.ts:60:12)
    at new App (/home/brix/Repos/Ts-Express-Template/src/core/app.ts:25:10)
    at Object.<anonymous> (/home/brix/Repos/Ts-Express-Template/src/server.ts:4:13)
    at Module._compile (node:internal/modules/cjs/loader:1275:14)
2023-03-07 22:47:38 error: uncaughtException: routes.forEach is not a function
TypeError: routes.forEach is not a function
    at App.initializeRoutes (/home/brix/Repos/Ts-Express-Template/src/core/app.ts:60:12)
    at new App (/home/brix/Repos/Ts-Express-Template/src/core/app.ts:25:10)
    at Object.<anonymous> (/home/brix/Repos/Ts-Express-Template/src/server.ts:4:13)
    at Module._compile (node:internal/modules/cjs/loader:1275:14)
    at Module.m._compile (/home/brix/Repos/Ts-Express-Template/node_modules/ts-node/src/index.ts:1455:23)
    at Module._extensions..js (node:internal/modules/cjs/loader:1329:10)
    at Object.require.extensions.<computed> [as .ts] (/home/brix/Repos/Ts-Express-Template/node_modules/ts-node/src/index.ts:1458:12)
    at Module.load (node:internal/modules/cjs/loader:1133:32)
    at Function.Module._load (node:internal/modules/cjs/loader:972:12)
    at Function.executeUserEntryPoint [as runMain] (node:internal/modules/run_main:83:12)
2023-03-07 22:47:51 error: uncaughtException: Router.use() requires a middleware function but got a undefined
TypeError: Router.use() requires a middleware function but got a undefined
    at Function.use (/home/brix/Repos/Ts-Express-Template/node_modules/express/lib/router/index.js:469:13)
    at Function.<anonymous> (/home/brix/Repos/Ts-Express-Template/node_modules/express/lib/application.js:227:21)
    at Array.forEach (<anonymous>)
    at Function.use (/home/brix/Repos/Ts-Express-Template/node_modules/express/lib/application.js:224:7)
    at /home/brix/Repos/Ts-Express-Template/src/core/app.ts:61:16
    at Array.forEach (<anonymous>)
    at App.initializeRoutes (/home/brix/Repos/Ts-Express-Template/src/core/app.ts:60:12)
    at new App (/home/brix/Repos/Ts-Express-Template/src/core/app.ts:25:10)
    at Object.<anonymous> (/home/brix/Repos/Ts-Express-Template/src/server.ts:4:13)
    at Module._compile (node:internal/modules/cjs/loader:1275:14)
2023-03-07 22:48:26 error: uncaughtException: routes.forEach is not a function
TypeError: routes.forEach is not a function
    at App.initializeRoutes (/home/brix/Repos/Ts-Express-Template/src/core/app.ts:60:12)
    at new App (/home/brix/Repos/Ts-Express-Template/src/core/app.ts:25:10)
    at Object.<anonymous> (/home/brix/Repos/Ts-Express-Template/src/server.ts:4:13)
    at Module._compile (node:internal/modules/cjs/loader:1275:14)
    at Module.m._compile (/home/brix/Repos/Ts-Express-Template/node_modules/ts-node/src/index.ts:1455:23)
    at Module._extensions..js (node:internal/modules/cjs/loader:1329:10)
    at Object.require.extensions.<computed> [as .ts] (/home/brix/Repos/Ts-Express-Template/node_modules/ts-node/src/index.ts:1458:12)
    at Module.load (node:internal/modules/cjs/loader:1133:32)
    at Function.Module._load (node:internal/modules/cjs/loader:972:12)
    at Function.executeUserEntryPoint [as runMain] (node:internal/modules/run_main:83:12)
2023-03-07 22:48:44 error: uncaughtException: routes.forEach is not a function
TypeError: routes.forEach is not a function
    at App.initializeRoutes (/home/brix/Repos/Ts-Express-Template/src/core/app.ts:60:12)
    at new App (/home/brix/Repos/Ts-Express-Template/src/core/app.ts:25:10)
    at Object.<anonymous> (/home/brix/Repos/Ts-Express-Template/src/server.ts:4:13)
    at Module._compile (node:internal/modules/cjs/loader:1275:14)
    at Module.m._compile (/home/brix/Repos/Ts-Express-Template/node_modules/ts-node/src/index.ts:1455:23)
    at Module._extensions..js (node:internal/modules/cjs/loader:1329:10)
    at Object.require.extensions.<computed> [as .ts] (/home/brix/Repos/Ts-Express-Template/node_modules/ts-node/src/index.ts:1458:12)
    at Module.load (node:internal/modules/cjs/loader:1133:32)
    at Function.Module._load (node:internal/modules/cjs/loader:972:12)
    at Function.executeUserEntryPoint [as runMain] (node:internal/modules/run_main:83:12)
2023-03-07 22:48:56 error: uncaughtException: Router.use() requires a middleware function but got a undefined
TypeError: Router.use() requires a middleware function but got a undefined
    at Function.use (/home/brix/Repos/Ts-Express-Template/node_modules/express/lib/router/index.js:469:13)
    at Function.<anonymous> (/home/brix/Repos/Ts-Express-Template/node_modules/express/lib/application.js:227:21)
    at Array.forEach (<anonymous>)
    at Function.use (/home/brix/Repos/Ts-Express-Template/node_modules/express/lib/application.js:224:7)
    at /home/brix/Repos/Ts-Express-Template/src/core/app.ts:61:16
    at Array.forEach (<anonymous>)
    at App.initializeRoutes (/home/brix/Repos/Ts-Express-Template/src/core/app.ts:60:12)
    at new App (/home/brix/Repos/Ts-Express-Template/src/core/app.ts:25:10)
    at Object.<anonymous> (/home/brix/Repos/Ts-Express-Template/src/server.ts:4:13)
    at Module._compile (node:internal/modules/cjs/loader:1275:14)
2023-03-07 22:50:03 error: uncaughtException: Cannot read properties of undefined (reading 'router')
TypeError: Cannot read properties of undefined (reading 'router')
    at /home/brix/Repos/Ts-Express-Template/src/core/app.ts:61:31
    at Array.forEach (<anonymous>)
    at App.initializeRoutes (/home/brix/Repos/Ts-Express-Template/src/core/app.ts:60:12)
    at new App (/home/brix/Repos/Ts-Express-Template/src/core/app.ts:25:10)
    at Object.<anonymous> (/home/brix/Repos/Ts-Express-Template/src/server.ts:4:13)
    at Module._compile (node:internal/modules/cjs/loader:1275:14)
    at Module.m._compile (/home/brix/Repos/Ts-Express-Template/node_modules/ts-node/src/index.ts:1455:23)
    at Module._extensions..js (node:internal/modules/cjs/loader:1329:10)
    at Object.require.extensions.<computed> [as .ts] (/home/brix/Repos/Ts-Express-Template/node_modules/ts-node/src/index.ts:1458:12)
    at Module.load (node:internal/modules/cjs/loader:1133:32)
2023-03-07 22:50:52 error: uncaughtException: Cannot read properties of undefined (reading 'router')
TypeError: Cannot read properties of undefined (reading 'router')
    at /home/brix/Repos/Ts-Express-Template/src/core/app.ts:61:31
    at Array.forEach (<anonymous>)
    at App.initializeRoutes (/home/brix/Repos/Ts-Express-Template/src/core/app.ts:60:12)
    at new App (/home/brix/Repos/Ts-Express-Template/src/core/app.ts:25:10)
    at Object.<anonymous> (/home/brix/Repos/Ts-Express-Template/src/server.ts:4:13)
    at Module._compile (node:internal/modules/cjs/loader:1275:14)
    at Module.m._compile (/home/brix/Repos/Ts-Express-Template/node_modules/ts-node/src/index.ts:1455:23)
    at Module._extensions..js (node:internal/modules/cjs/loader:1329:10)
    at Object.require.extensions.<computed> [as .ts] (/home/brix/Repos/Ts-Express-Template/node_modules/ts-node/src/index.ts:1458:12)
    at Module.load (node:internal/modules/cjs/loader:1133:32)
2023-03-07 22:51:54 error: uncaughtException: Router.use() requires a middleware function but got a undefined
TypeError: Router.use() requires a middleware function but got a undefined
    at Function.use (/home/brix/Repos/Ts-Express-Template/node_modules/express/lib/router/index.js:469:13)
    at Function.<anonymous> (/home/brix/Repos/Ts-Express-Template/node_modules/express/lib/application.js:227:21)
    at Array.forEach (<anonymous>)
    at Function.use (/home/brix/Repos/Ts-Express-Template/node_modules/express/lib/application.js:224:7)
    at /home/brix/Repos/Ts-Express-Template/src/core/app.ts:61:16
    at Array.forEach (<anonymous>)
    at App.initializeRoutes (/home/brix/Repos/Ts-Express-Template/src/core/app.ts:60:12)
    at new App (/home/brix/Repos/Ts-Express-Template/src/core/app.ts:25:10)
    at Object.<anonymous> (/home/brix/Repos/Ts-Express-Template/src/server.ts:4:13)
    at Module._compile (node:internal/modules/cjs/loader:1275:14)
2023-03-07 22:52:40 error: uncaughtException: Router.use() requires a middleware function but got a undefined
TypeError: Router.use() requires a middleware function but got a undefined
    at Function.use (/home/brix/Repos/Ts-Express-Template/node_modules/express/lib/router/index.js:469:13)
    at Function.<anonymous> (/home/brix/Repos/Ts-Express-Template/node_modules/express/lib/application.js:227:21)
    at Array.forEach (<anonymous>)
    at Function.use (/home/brix/Repos/Ts-Express-Template/node_modules/express/lib/application.js:224:7)
    at /home/brix/Repos/Ts-Express-Template/src/core/app.ts:61:16
    at Array.forEach (<anonymous>)
    at App.initializeRoutes (/home/brix/Repos/Ts-Express-Template/src/core/app.ts:60:12)
    at new App (/home/brix/Repos/Ts-Express-Template/src/core/app.ts:25:10)
    at Object.<anonymous> (/home/brix/Repos/Ts-Express-Template/src/server.ts:4:13)
    at Module._compile (node:internal/modules/cjs/loader:1275:14)
2023-03-07 22:53:42 error: uncaughtException: Router.use() requires a middleware function but got a undefined
TypeError: Router.use() requires a middleware function but got a undefined
    at Function.use (/home/brix/Repos/Ts-Express-Template/node_modules/express/lib/router/index.js:469:13)
    at Function.<anonymous> (/home/brix/Repos/Ts-Express-Template/node_modules/express/lib/application.js:227:21)
    at Array.forEach (<anonymous>)
    at Function.use (/home/brix/Repos/Ts-Express-Template/node_modules/express/lib/application.js:224:7)
    at /home/brix/Repos/Ts-Express-Template/src/core/app.ts:61:16
    at Array.forEach (<anonymous>)
    at App.initializeRoutes (/home/brix/Repos/Ts-Express-Template/src/core/app.ts:60:12)
    at new App (/home/brix/Repos/Ts-Express-Template/src/core/app.ts:25:10)
    at Object.<anonymous> (/home/brix/Repos/Ts-Express-Template/src/server.ts:4:13)
    at Module._compile (node:internal/modules/cjs/loader:1275:14)
2023-03-07 22:54:37 error: uncaughtException: Router.use() requires a middleware function but got a undefined
TypeError: Router.use() requires a middleware function but got a undefined
    at Function.use (/home/brix/Repos/Ts-Express-Template/node_modules/express/lib/router/index.js:469:13)
    at Function.<anonymous> (/home/brix/Repos/Ts-Express-Template/node_modules/express/lib/application.js:227:21)
    at Array.forEach (<anonymous>)
    at Function.use (/home/brix/Repos/Ts-Express-Template/node_modules/express/lib/application.js:224:7)
    at /home/brix/Repos/Ts-Express-Template/src/core/app.ts:61:16
    at Array.forEach (<anonymous>)
    at App.initializeRoutes (/home/brix/Repos/Ts-Express-Template/src/core/app.ts:60:12)
    at new App (/home/brix/Repos/Ts-Express-Template/src/core/app.ts:25:10)
    at Object.<anonymous> (/home/brix/Repos/Ts-Express-Template/src/server.ts:4:13)
    at Module._compile (node:internal/modules/cjs/loader:1275:14)
2023-03-07 22:56:01 error: uncaughtException: Router.use() requires a middleware function but got a undefined
TypeError: Router.use() requires a middleware function but got a undefined
    at Function.use (/home/brix/Repos/Ts-Express-Template/node_modules/express/lib/router/index.js:469:13)
    at Function.<anonymous> (/home/brix/Repos/Ts-Express-Template/node_modules/express/lib/application.js:227:21)
    at Array.forEach (<anonymous>)
    at Function.use (/home/brix/Repos/Ts-Express-Template/node_modules/express/lib/application.js:224:7)
    at /home/brix/Repos/Ts-Express-Template/src/core/app.ts:61:16
    at Array.forEach (<anonymous>)
    at App.initializeRoutes (/home/brix/Repos/Ts-Express-Template/src/core/app.ts:60:12)
    at new App (/home/brix/Repos/Ts-Express-Template/src/core/app.ts:25:10)
    at Object.<anonymous> (/home/brix/Repos/Ts-Express-Template/src/server.ts:4:13)
    at Module._compile (node:internal/modules/cjs/loader:1275:14)
2023-03-07 22:56:54 error: uncaughtException: Router.use() requires a middleware function but got a undefined
TypeError: Router.use() requires a middleware function but got a undefined
    at Function.use (/home/brix/Repos/Ts-Express-Template/node_modules/express/lib/router/index.js:469:13)
    at Function.<anonymous> (/home/brix/Repos/Ts-Express-Template/node_modules/express/lib/application.js:227:21)
    at Array.forEach (<anonymous>)
    at Function.use (/home/brix/Repos/Ts-Express-Template/node_modules/express/lib/application.js:224:7)
    at /home/brix/Repos/Ts-Express-Template/src/core/app.ts:61:16
    at Array.forEach (<anonymous>)
    at App.initializeRoutes (/home/brix/Repos/Ts-Express-Template/src/core/app.ts:60:12)
    at new App (/home/brix/Repos/Ts-Express-Template/src/core/app.ts:25:10)
    at Object.<anonymous> (/home/brix/Repos/Ts-Express-Template/src/server.ts:4:13)
    at Module._compile (node:internal/modules/cjs/loader:1275:14)
2023-03-07 22:57:07 error: uncaughtException: Router.use() requires a middleware function but got a undefined
TypeError: Router.use() requires a middleware function but got a undefined
    at Function.use (/home/brix/Repos/Ts-Express-Template/node_modules/express/lib/router/index.js:469:13)
    at Function.<anonymous> (/home/brix/Repos/Ts-Express-Template/node_modules/express/lib/application.js:227:21)
    at Array.forEach (<anonymous>)
    at Function.use (/home/brix/Repos/Ts-Express-Template/node_modules/express/lib/application.js:224:7)
    at /home/brix/Repos/Ts-Express-Template/src/core/app.ts:61:16
    at Array.forEach (<anonymous>)
    at App.initializeRoutes (/home/brix/Repos/Ts-Express-Template/src/core/app.ts:60:12)
    at new App (/home/brix/Repos/Ts-Express-Template/src/core/app.ts:25:10)
    at Object.<anonymous> (/home/brix/Repos/Ts-Express-Template/src/server.ts:4:13)
    at Module._compile (node:internal/modules/cjs/loader:1275:14)
2023-03-07 22:59:43 error: uncaughtException: routes.forEach is not a function
TypeError: routes.forEach is not a function
    at App.initializeRoutes (/home/brix/Repos/Ts-Express-Template/src/core/app.ts:60:12)
    at new App (/home/brix/Repos/Ts-Express-Template/src/core/app.ts:25:10)
    at Object.<anonymous> (/home/brix/Repos/Ts-Express-Template/src/server.ts:4:13)
    at Module._compile (node:internal/modules/cjs/loader:1275:14)
    at Module.m._compile (/home/brix/Repos/Ts-Express-Template/node_modules/ts-node/src/index.ts:1455:23)
    at Module._extensions..js (node:internal/modules/cjs/loader:1329:10)
    at Object.require.extensions.<computed> [as .ts] (/home/brix/Repos/Ts-Express-Template/node_modules/ts-node/src/index.ts:1458:12)
    at Module.load (node:internal/modules/cjs/loader:1133:32)
    at Function.Module._load (node:internal/modules/cjs/loader:972:12)
    at Function.executeUserEntryPoint [as runMain] (node:internal/modules/run_main:83:12)
2023-03-07 23:01:01 error: uncaughtException: Cannot read properties of undefined (reading 'forEach')
TypeError: Cannot read properties of undefined (reading 'forEach')
    at App.initializeRoutes (/home/brix/Repos/Ts-Express-Template/src/core/app.ts:60:12)
    at new App (/home/brix/Repos/Ts-Express-Template/src/core/app.ts:25:10)
    at Object.<anonymous> (/home/brix/Repos/Ts-Express-Template/src/server.ts:4:13)
    at Module._compile (node:internal/modules/cjs/loader:1275:14)
    at Module.m._compile (/home/brix/Repos/Ts-Express-Template/node_modules/ts-node/src/index.ts:1455:23)
    at Module._extensions..js (node:internal/modules/cjs/loader:1329:10)
    at Object.require.extensions.<computed> [as .ts] (/home/brix/Repos/Ts-Express-Template/node_modules/ts-node/src/index.ts:1458:12)
    at Module.load (node:internal/modules/cjs/loader:1133:32)
    at Function.Module._load (node:internal/modules/cjs/loader:972:12)
    at Function.executeUserEntryPoint [as runMain] (node:internal/modules/run_main:83:12)
2023-03-07 23:07:42 error: uncaughtException: Cannot read properties of undefined (reading 'then')
TypeError: Cannot read properties of undefined (reading 'then')
    at Object.<anonymous> (/home/brix/Repos/Ts-Express-Template/src/server.ts:5:9)
    at Module._compile (node:internal/modules/cjs/loader:1275:14)
    at Module.m._compile (/home/brix/Repos/Ts-Express-Template/node_modules/ts-node/src/index.ts:1455:23)
    at Module._extensions..js (node:internal/modules/cjs/loader:1329:10)
    at Object.require.extensions.<computed> [as .ts] (/home/brix/Repos/Ts-Express-Template/node_modules/ts-node/src/index.ts:1458:12)
    at Module.load (node:internal/modules/cjs/loader:1133:32)
    at Function.Module._load (node:internal/modules/cjs/loader:972:12)
    at Function.executeUserEntryPoint [as runMain] (node:internal/modules/run_main:83:12)
    at phase4 (/home/brix/Repos/Ts-Express-Template/node_modules/ts-node/src/bin.ts:567:12)
    at bootstrap (/home/brix/Repos/Ts-Express-Template/node_modules/ts-node/src/bin.ts:85:10)
2023-03-07 23:24:45 error: uncaughtException: Cannot read properties of undefined (reading 'stack')
TypeError: Cannot read properties of undefined (reading 'stack')
    at /home/brix/Repos/Ts-Express-Template/src/server.ts:13:35
    at Array.map (<anonymous>)
    at /home/brix/Repos/Ts-Express-Template/src/server.ts:13:8
    at processTicksAndRejections (node:internal/process/task_queues:95:5)
